[debug] [2023-04-26T16:22:53.551Z] ----------------------------------------------------------------------
[debug] [2023-04-26T16:22:53.562Z] Command:       C:\Program Files\nodejs\node.exe C:\Users\HP\AppData\Roaming\npm\node_modules\firebase-tools\lib\bin\firebase.js init
[debug] [2023-04-26T16:22:53.565Z] CLI Version:   11.29.0
[debug] [2023-04-26T16:22:53.566Z] Platform:      win32
[debug] [2023-04-26T16:22:53.567Z] Node Version:  v18.14.0
[debug] [2023-04-26T16:22:53.571Z] Time:          Wed Apr 26 2023 21:22:53 GMT+0500 (Pakistan Standard Time)
[debug] [2023-04-26T16:22:53.572Z] ----------------------------------------------------------------------
[debug] 
[debug] [2023-04-26T16:22:53.604Z] > command requires scopes: ["email","openid","https://www.googleapis.com/auth/cloudplatformprojects.readonly","https://www.googleapis.com/auth/firebase","https://www.googleapis.com/auth/cloud-platform"]
[debug] [2023-04-26T16:22:53.606Z] > authorizing via signed-in user (sadiqk214@gmail.com)
[info] 
     ######## #### ########  ######## ########     ###     ######  ########
     ##        ##  ##     ## ##       ##     ##  ##   ##  ##       ##
     ######    ##  ########  ######   ########  #########  ######  ######
     ##        ##  ##    ##  ##       ##     ## ##     ##       ## ##
     ##       #### ##     ## ######## ########  ##     ##  ######  ########

You're about to initialize a Firebase project in this directory:

  C:\wamp64\www\fypos

Before we get started, keep in mind:

  * You are currently outside your home directory

[debug] [2023-04-26T16:23:38.337Z] Error: Timed out.
    at Timeout._onTimeout (C:\Users\HP\AppData\Roaming\npm\node_modules\firebase-tools\lib\utils.js:253:49)
    at listOnTimeout (node:internal/timers:569:17)
    at process.processTimers (node:internal/timers:512:7)
[error] 
[error] Error: An unexpected error has occurred.
